[2024-07-19T13:33:06.654+0000] {processor.py:161} INFO - Started process (PID=21528) to work on /opt/airflow/dags/simple-dag.py
[2024-07-19T13:33:06.656+0000] {processor.py:830} INFO - Processing file /opt/airflow/dags/simple-dag.py for tasks to queue
[2024-07-19T13:33:06.660+0000] {logging_mixin.py:188} INFO - [2024-07-19T13:33:06.659+0000] {dagbag.py:545} INFO - Filling up the DagBag from /opt/airflow/dags/simple-dag.py
[2024-07-19T13:33:06.681+0000] {processor.py:840} INFO - DAG(s) 'simple_dag' retrieved from /opt/airflow/dags/simple-dag.py
[2024-07-19T13:33:06.877+0000] {logging_mixin.py:188} INFO - [2024-07-19T13:33:06.876+0000] {override.py:1858} INFO - Created Permission View: can edit on DAG:simple_dag
[2024-07-19T13:33:06.896+0000] {logging_mixin.py:188} INFO - [2024-07-19T13:33:06.895+0000] {override.py:1858} INFO - Created Permission View: can delete on DAG:simple_dag
[2024-07-19T13:33:06.909+0000] {logging_mixin.py:188} INFO - [2024-07-19T13:33:06.908+0000] {override.py:1858} INFO - Created Permission View: can read on DAG:simple_dag
[2024-07-19T13:33:06.910+0000] {logging_mixin.py:188} INFO - [2024-07-19T13:33:06.910+0000] {dag.py:3089} INFO - Sync 1 DAGs
[2024-07-19T13:33:06.931+0000] {logging_mixin.py:188} INFO - [2024-07-19T13:33:06.931+0000] {dag.py:3111} INFO - Creating ORM DAG for simple_dag
[2024-07-19T13:33:06.951+0000] {logging_mixin.py:188} INFO - [2024-07-19T13:33:06.950+0000] {dag.py:3947} INFO - Setting next_dagrun for simple_dag to 2023-01-01 00:00:00+00:00, run_after=2023-01-02 00:00:00+00:00
[2024-07-19T13:33:06.981+0000] {processor.py:183} INFO - Processing /opt/airflow/dags/simple-dag.py took 0.339 seconds
[2024-07-19T13:33:37.837+0000] {processor.py:161} INFO - Started process (PID=21587) to work on /opt/airflow/dags/simple-dag.py
[2024-07-19T13:33:37.838+0000] {processor.py:830} INFO - Processing file /opt/airflow/dags/simple-dag.py for tasks to queue
[2024-07-19T13:33:37.841+0000] {logging_mixin.py:188} INFO - [2024-07-19T13:33:37.841+0000] {dagbag.py:545} INFO - Filling up the DagBag from /opt/airflow/dags/simple-dag.py
[2024-07-19T13:33:37.854+0000] {processor.py:840} INFO - DAG(s) 'simple_dag' retrieved from /opt/airflow/dags/simple-dag.py
[2024-07-19T13:33:37.878+0000] {logging_mixin.py:188} INFO - [2024-07-19T13:33:37.877+0000] {dag.py:3089} INFO - Sync 1 DAGs
[2024-07-19T13:33:37.908+0000] {logging_mixin.py:188} INFO - [2024-07-19T13:33:37.908+0000] {dag.py:3947} INFO - Setting next_dagrun for simple_dag to 2023-01-01 00:00:00+00:00, run_after=2023-01-02 00:00:00+00:00
[2024-07-19T13:33:37.932+0000] {processor.py:183} INFO - Processing /opt/airflow/dags/simple-dag.py took 0.103 seconds
[2024-07-19T13:34:08.826+0000] {processor.py:161} INFO - Started process (PID=21646) to work on /opt/airflow/dags/simple-dag.py
[2024-07-19T13:34:08.828+0000] {processor.py:830} INFO - Processing file /opt/airflow/dags/simple-dag.py for tasks to queue
[2024-07-19T13:34:08.830+0000] {logging_mixin.py:188} INFO - [2024-07-19T13:34:08.830+0000] {dagbag.py:545} INFO - Filling up the DagBag from /opt/airflow/dags/simple-dag.py
[2024-07-19T13:34:08.843+0000] {processor.py:840} INFO - DAG(s) 'simple_dag' retrieved from /opt/airflow/dags/simple-dag.py
[2024-07-19T13:34:08.864+0000] {logging_mixin.py:188} INFO - [2024-07-19T13:34:08.863+0000] {dag.py:3089} INFO - Sync 1 DAGs
[2024-07-19T13:34:08.887+0000] {logging_mixin.py:188} INFO - [2024-07-19T13:34:08.887+0000] {dag.py:3947} INFO - Setting next_dagrun for simple_dag to 2023-01-01 00:00:00+00:00, run_after=2023-01-02 00:00:00+00:00
[2024-07-19T13:34:08.907+0000] {processor.py:183} INFO - Processing /opt/airflow/dags/simple-dag.py took 0.088 seconds
[2024-07-19T13:34:39.854+0000] {processor.py:161} INFO - Started process (PID=21705) to work on /opt/airflow/dags/simple-dag.py
[2024-07-19T13:34:39.855+0000] {processor.py:830} INFO - Processing file /opt/airflow/dags/simple-dag.py for tasks to queue
[2024-07-19T13:34:39.858+0000] {logging_mixin.py:188} INFO - [2024-07-19T13:34:39.857+0000] {dagbag.py:545} INFO - Filling up the DagBag from /opt/airflow/dags/simple-dag.py
[2024-07-19T13:34:39.870+0000] {processor.py:840} INFO - DAG(s) 'simple_dag' retrieved from /opt/airflow/dags/simple-dag.py
[2024-07-19T13:34:39.894+0000] {logging_mixin.py:188} INFO - [2024-07-19T13:34:39.894+0000] {dag.py:3089} INFO - Sync 1 DAGs
[2024-07-19T13:34:39.927+0000] {logging_mixin.py:188} INFO - [2024-07-19T13:34:39.926+0000] {dag.py:3947} INFO - Setting next_dagrun for simple_dag to 2023-01-01 00:00:00+00:00, run_after=2023-01-02 00:00:00+00:00
[2024-07-19T13:34:39.953+0000] {processor.py:183} INFO - Processing /opt/airflow/dags/simple-dag.py took 0.107 seconds
[2024-07-19T13:35:10.020+0000] {processor.py:161} INFO - Started process (PID=21764) to work on /opt/airflow/dags/simple-dag.py
[2024-07-19T13:35:10.021+0000] {processor.py:830} INFO - Processing file /opt/airflow/dags/simple-dag.py for tasks to queue
[2024-07-19T13:35:10.024+0000] {logging_mixin.py:188} INFO - [2024-07-19T13:35:10.023+0000] {dagbag.py:545} INFO - Filling up the DagBag from /opt/airflow/dags/simple-dag.py
[2024-07-19T13:35:10.036+0000] {processor.py:840} INFO - DAG(s) 'simple_dag' retrieved from /opt/airflow/dags/simple-dag.py
[2024-07-19T13:35:10.058+0000] {logging_mixin.py:188} INFO - [2024-07-19T13:35:10.058+0000] {dag.py:3089} INFO - Sync 1 DAGs
[2024-07-19T13:35:10.086+0000] {logging_mixin.py:188} INFO - [2024-07-19T13:35:10.085+0000] {dag.py:3947} INFO - Setting next_dagrun for simple_dag to 2023-01-01 00:00:00+00:00, run_after=2023-01-02 00:00:00+00:00
[2024-07-19T13:35:10.111+0000] {processor.py:183} INFO - Processing /opt/airflow/dags/simple-dag.py took 0.097 seconds
[2024-07-19T13:35:40.538+0000] {processor.py:161} INFO - Started process (PID=21823) to work on /opt/airflow/dags/simple-dag.py
[2024-07-19T13:35:40.539+0000] {processor.py:830} INFO - Processing file /opt/airflow/dags/simple-dag.py for tasks to queue
[2024-07-19T13:35:40.542+0000] {logging_mixin.py:188} INFO - [2024-07-19T13:35:40.542+0000] {dagbag.py:545} INFO - Filling up the DagBag from /opt/airflow/dags/simple-dag.py
[2024-07-19T13:35:40.555+0000] {processor.py:840} INFO - DAG(s) 'simple_dag' retrieved from /opt/airflow/dags/simple-dag.py
[2024-07-19T13:35:40.580+0000] {logging_mixin.py:188} INFO - [2024-07-19T13:35:40.580+0000] {dag.py:3089} INFO - Sync 1 DAGs
[2024-07-19T13:35:40.609+0000] {logging_mixin.py:188} INFO - [2024-07-19T13:35:40.609+0000] {dag.py:3947} INFO - Setting next_dagrun for simple_dag to 2023-01-01 00:00:00+00:00, run_after=2023-01-02 00:00:00+00:00
[2024-07-19T13:35:40.633+0000] {processor.py:183} INFO - Processing /opt/airflow/dags/simple-dag.py took 0.102 seconds
[2024-07-19T13:36:10.974+0000] {processor.py:161} INFO - Started process (PID=21882) to work on /opt/airflow/dags/simple-dag.py
[2024-07-19T13:36:10.976+0000] {processor.py:830} INFO - Processing file /opt/airflow/dags/simple-dag.py for tasks to queue
[2024-07-19T13:36:10.981+0000] {logging_mixin.py:188} INFO - [2024-07-19T13:36:10.980+0000] {dagbag.py:545} INFO - Filling up the DagBag from /opt/airflow/dags/simple-dag.py
[2024-07-19T13:36:11.000+0000] {processor.py:840} INFO - DAG(s) 'simple_dag' retrieved from /opt/airflow/dags/simple-dag.py
[2024-07-19T13:36:11.038+0000] {logging_mixin.py:188} INFO - [2024-07-19T13:36:11.038+0000] {dag.py:3089} INFO - Sync 1 DAGs
[2024-07-19T13:36:11.078+0000] {logging_mixin.py:188} INFO - [2024-07-19T13:36:11.077+0000] {dag.py:3947} INFO - Setting next_dagrun for simple_dag to 2023-01-01 00:00:00+00:00, run_after=2023-01-02 00:00:00+00:00
[2024-07-19T13:36:11.112+0000] {processor.py:183} INFO - Processing /opt/airflow/dags/simple-dag.py took 0.149 seconds
[2024-07-19T13:36:41.363+0000] {processor.py:161} INFO - Started process (PID=21941) to work on /opt/airflow/dags/simple-dag.py
[2024-07-19T13:36:41.364+0000] {processor.py:830} INFO - Processing file /opt/airflow/dags/simple-dag.py for tasks to queue
[2024-07-19T13:36:41.367+0000] {logging_mixin.py:188} INFO - [2024-07-19T13:36:41.366+0000] {dagbag.py:545} INFO - Filling up the DagBag from /opt/airflow/dags/simple-dag.py
[2024-07-19T13:36:41.380+0000] {processor.py:840} INFO - DAG(s) 'simple_dag' retrieved from /opt/airflow/dags/simple-dag.py
[2024-07-19T13:36:41.407+0000] {logging_mixin.py:188} INFO - [2024-07-19T13:36:41.406+0000] {dag.py:3089} INFO - Sync 1 DAGs
[2024-07-19T13:36:41.456+0000] {logging_mixin.py:188} INFO - [2024-07-19T13:36:41.456+0000] {dag.py:3947} INFO - Setting next_dagrun for simple_dag to 2023-01-01 00:00:00+00:00, run_after=2023-01-02 00:00:00+00:00
[2024-07-19T13:36:41.489+0000] {processor.py:183} INFO - Processing /opt/airflow/dags/simple-dag.py took 0.134 seconds
[2024-07-19T13:37:11.914+0000] {processor.py:161} INFO - Started process (PID=22000) to work on /opt/airflow/dags/simple-dag.py
[2024-07-19T13:37:11.916+0000] {processor.py:830} INFO - Processing file /opt/airflow/dags/simple-dag.py for tasks to queue
[2024-07-19T13:37:11.919+0000] {logging_mixin.py:188} INFO - [2024-07-19T13:37:11.918+0000] {dagbag.py:545} INFO - Filling up the DagBag from /opt/airflow/dags/simple-dag.py
[2024-07-19T13:37:11.934+0000] {processor.py:840} INFO - DAG(s) 'simple_dag' retrieved from /opt/airflow/dags/simple-dag.py
[2024-07-19T13:37:11.962+0000] {logging_mixin.py:188} INFO - [2024-07-19T13:37:11.962+0000] {dag.py:3089} INFO - Sync 1 DAGs
[2024-07-19T13:37:11.997+0000] {logging_mixin.py:188} INFO - [2024-07-19T13:37:11.996+0000] {dag.py:3947} INFO - Setting next_dagrun for simple_dag to 2023-01-01 00:00:00+00:00, run_after=2023-01-02 00:00:00+00:00
[2024-07-19T13:37:12.024+0000] {processor.py:183} INFO - Processing /opt/airflow/dags/simple-dag.py took 0.118 seconds
[2024-07-19T13:37:42.909+0000] {processor.py:161} INFO - Started process (PID=22059) to work on /opt/airflow/dags/simple-dag.py
[2024-07-19T13:37:42.912+0000] {processor.py:830} INFO - Processing file /opt/airflow/dags/simple-dag.py for tasks to queue
[2024-07-19T13:37:42.915+0000] {logging_mixin.py:188} INFO - [2024-07-19T13:37:42.915+0000] {dagbag.py:545} INFO - Filling up the DagBag from /opt/airflow/dags/simple-dag.py
[2024-07-19T13:37:42.934+0000] {processor.py:840} INFO - DAG(s) 'simple_dag' retrieved from /opt/airflow/dags/simple-dag.py
[2024-07-19T13:37:42.968+0000] {logging_mixin.py:188} INFO - [2024-07-19T13:37:42.968+0000] {dag.py:3089} INFO - Sync 1 DAGs
[2024-07-19T13:37:43.016+0000] {logging_mixin.py:188} INFO - [2024-07-19T13:37:43.016+0000] {dag.py:3947} INFO - Setting next_dagrun for simple_dag to 2023-01-01 00:00:00+00:00, run_after=2023-01-02 00:00:00+00:00
[2024-07-19T13:37:43.049+0000] {processor.py:183} INFO - Processing /opt/airflow/dags/simple-dag.py took 0.151 seconds
[2024-07-19T13:38:13.171+0000] {processor.py:161} INFO - Started process (PID=22119) to work on /opt/airflow/dags/simple-dag.py
[2024-07-19T13:38:13.173+0000] {processor.py:830} INFO - Processing file /opt/airflow/dags/simple-dag.py for tasks to queue
[2024-07-19T13:38:13.175+0000] {logging_mixin.py:188} INFO - [2024-07-19T13:38:13.175+0000] {dagbag.py:545} INFO - Filling up the DagBag from /opt/airflow/dags/simple-dag.py
[2024-07-19T13:38:13.188+0000] {processor.py:840} INFO - DAG(s) 'simple_dag' retrieved from /opt/airflow/dags/simple-dag.py
[2024-07-19T13:38:13.213+0000] {logging_mixin.py:188} INFO - [2024-07-19T13:38:13.213+0000] {dag.py:3089} INFO - Sync 1 DAGs
[2024-07-19T13:38:13.244+0000] {logging_mixin.py:188} INFO - [2024-07-19T13:38:13.243+0000] {dag.py:3947} INFO - Setting next_dagrun for simple_dag to 2023-01-01 00:00:00+00:00, run_after=2023-01-02 00:00:00+00:00
[2024-07-19T13:38:13.270+0000] {processor.py:183} INFO - Processing /opt/airflow/dags/simple-dag.py took 0.107 seconds
[2024-07-19T13:38:43.820+0000] {processor.py:161} INFO - Started process (PID=22179) to work on /opt/airflow/dags/simple-dag.py
[2024-07-19T13:38:43.822+0000] {processor.py:830} INFO - Processing file /opt/airflow/dags/simple-dag.py for tasks to queue
[2024-07-19T13:38:43.824+0000] {logging_mixin.py:188} INFO - [2024-07-19T13:38:43.823+0000] {dagbag.py:545} INFO - Filling up the DagBag from /opt/airflow/dags/simple-dag.py
[2024-07-19T13:38:43.836+0000] {processor.py:840} INFO - DAG(s) 'simple_dag' retrieved from /opt/airflow/dags/simple-dag.py
[2024-07-19T13:38:43.858+0000] {logging_mixin.py:188} INFO - [2024-07-19T13:38:43.858+0000] {dag.py:3089} INFO - Sync 1 DAGs
[2024-07-19T13:38:43.882+0000] {logging_mixin.py:188} INFO - [2024-07-19T13:38:43.882+0000] {dag.py:3947} INFO - Setting next_dagrun for simple_dag to 2023-01-01 00:00:00+00:00, run_after=2023-01-02 00:00:00+00:00
[2024-07-19T13:38:43.902+0000] {processor.py:183} INFO - Processing /opt/airflow/dags/simple-dag.py took 0.088 seconds
[2024-07-19T13:39:14.239+0000] {processor.py:161} INFO - Started process (PID=22239) to work on /opt/airflow/dags/simple-dag.py
[2024-07-19T13:39:14.240+0000] {processor.py:830} INFO - Processing file /opt/airflow/dags/simple-dag.py for tasks to queue
[2024-07-19T13:39:14.242+0000] {logging_mixin.py:188} INFO - [2024-07-19T13:39:14.242+0000] {dagbag.py:545} INFO - Filling up the DagBag from /opt/airflow/dags/simple-dag.py
[2024-07-19T13:39:14.252+0000] {processor.py:840} INFO - DAG(s) 'simple_dag' retrieved from /opt/airflow/dags/simple-dag.py
[2024-07-19T13:39:14.271+0000] {logging_mixin.py:188} INFO - [2024-07-19T13:39:14.271+0000] {dag.py:3089} INFO - Sync 1 DAGs
[2024-07-19T13:39:14.295+0000] {logging_mixin.py:188} INFO - [2024-07-19T13:39:14.295+0000] {dag.py:3947} INFO - Setting next_dagrun for simple_dag to 2023-01-01 00:00:00+00:00, run_after=2023-01-02 00:00:00+00:00
[2024-07-19T13:39:14.314+0000] {processor.py:183} INFO - Processing /opt/airflow/dags/simple-dag.py took 0.082 seconds
[2024-07-19T13:39:44.773+0000] {processor.py:161} INFO - Started process (PID=22299) to work on /opt/airflow/dags/simple-dag.py
[2024-07-19T13:39:44.774+0000] {processor.py:830} INFO - Processing file /opt/airflow/dags/simple-dag.py for tasks to queue
[2024-07-19T13:39:44.776+0000] {logging_mixin.py:188} INFO - [2024-07-19T13:39:44.776+0000] {dagbag.py:545} INFO - Filling up the DagBag from /opt/airflow/dags/simple-dag.py
[2024-07-19T13:39:44.786+0000] {processor.py:840} INFO - DAG(s) 'simple_dag' retrieved from /opt/airflow/dags/simple-dag.py
[2024-07-19T13:39:44.807+0000] {logging_mixin.py:188} INFO - [2024-07-19T13:39:44.807+0000] {dag.py:3089} INFO - Sync 1 DAGs
[2024-07-19T13:39:44.833+0000] {logging_mixin.py:188} INFO - [2024-07-19T13:39:44.832+0000] {dag.py:3947} INFO - Setting next_dagrun for simple_dag to 2023-01-01 00:00:00+00:00, run_after=2023-01-02 00:00:00+00:00
[2024-07-19T13:39:44.853+0000] {processor.py:183} INFO - Processing /opt/airflow/dags/simple-dag.py took 0.088 seconds
[2024-07-19T13:40:15.278+0000] {processor.py:161} INFO - Started process (PID=22359) to work on /opt/airflow/dags/simple-dag.py
[2024-07-19T13:40:15.279+0000] {processor.py:830} INFO - Processing file /opt/airflow/dags/simple-dag.py for tasks to queue
[2024-07-19T13:40:15.282+0000] {logging_mixin.py:188} INFO - [2024-07-19T13:40:15.281+0000] {dagbag.py:545} INFO - Filling up the DagBag from /opt/airflow/dags/simple-dag.py
[2024-07-19T13:40:15.291+0000] {processor.py:840} INFO - DAG(s) 'simple_dag' retrieved from /opt/airflow/dags/simple-dag.py
[2024-07-19T13:40:15.311+0000] {logging_mixin.py:188} INFO - [2024-07-19T13:40:15.311+0000] {dag.py:3089} INFO - Sync 1 DAGs
[2024-07-19T13:40:15.335+0000] {logging_mixin.py:188} INFO - [2024-07-19T13:40:15.334+0000] {dag.py:3947} INFO - Setting next_dagrun for simple_dag to 2023-01-01 00:00:00+00:00, run_after=2023-01-02 00:00:00+00:00
[2024-07-19T13:40:15.354+0000] {processor.py:183} INFO - Processing /opt/airflow/dags/simple-dag.py took 0.082 seconds
[2024-07-19T13:40:46.000+0000] {processor.py:161} INFO - Started process (PID=22419) to work on /opt/airflow/dags/simple-dag.py
[2024-07-19T13:40:46.001+0000] {processor.py:830} INFO - Processing file /opt/airflow/dags/simple-dag.py for tasks to queue
[2024-07-19T13:40:46.004+0000] {logging_mixin.py:188} INFO - [2024-07-19T13:40:46.003+0000] {dagbag.py:545} INFO - Filling up the DagBag from /opt/airflow/dags/simple-dag.py
[2024-07-19T13:40:46.016+0000] {processor.py:840} INFO - DAG(s) 'simple_dag' retrieved from /opt/airflow/dags/simple-dag.py
[2024-07-19T13:40:46.040+0000] {logging_mixin.py:188} INFO - [2024-07-19T13:40:46.040+0000] {dag.py:3089} INFO - Sync 1 DAGs
[2024-07-19T13:40:46.072+0000] {logging_mixin.py:188} INFO - [2024-07-19T13:40:46.071+0000] {dag.py:3947} INFO - Setting next_dagrun for simple_dag to 2023-01-01 00:00:00+00:00, run_after=2023-01-02 00:00:00+00:00
[2024-07-19T13:40:46.095+0000] {processor.py:183} INFO - Processing /opt/airflow/dags/simple-dag.py took 0.103 seconds
[2024-07-19T13:41:16.652+0000] {processor.py:161} INFO - Started process (PID=22479) to work on /opt/airflow/dags/simple-dag.py
[2024-07-19T13:41:16.654+0000] {processor.py:830} INFO - Processing file /opt/airflow/dags/simple-dag.py for tasks to queue
[2024-07-19T13:41:16.656+0000] {logging_mixin.py:188} INFO - [2024-07-19T13:41:16.656+0000] {dagbag.py:545} INFO - Filling up the DagBag from /opt/airflow/dags/simple-dag.py
[2024-07-19T13:41:16.666+0000] {processor.py:840} INFO - DAG(s) 'simple_dag' retrieved from /opt/airflow/dags/simple-dag.py
[2024-07-19T13:41:16.689+0000] {logging_mixin.py:188} INFO - [2024-07-19T13:41:16.689+0000] {dag.py:3089} INFO - Sync 1 DAGs
[2024-07-19T13:41:16.715+0000] {logging_mixin.py:188} INFO - [2024-07-19T13:41:16.715+0000] {dag.py:3947} INFO - Setting next_dagrun for simple_dag to 2023-01-01 00:00:00+00:00, run_after=2023-01-02 00:00:00+00:00
[2024-07-19T13:41:16.739+0000] {processor.py:183} INFO - Processing /opt/airflow/dags/simple-dag.py took 0.093 seconds
[2024-07-19T13:41:47.114+0000] {processor.py:161} INFO - Started process (PID=22539) to work on /opt/airflow/dags/simple-dag.py
[2024-07-19T13:41:47.115+0000] {processor.py:830} INFO - Processing file /opt/airflow/dags/simple-dag.py for tasks to queue
[2024-07-19T13:41:47.117+0000] {logging_mixin.py:188} INFO - [2024-07-19T13:41:47.117+0000] {dagbag.py:545} INFO - Filling up the DagBag from /opt/airflow/dags/simple-dag.py
[2024-07-19T13:41:47.127+0000] {processor.py:840} INFO - DAG(s) 'simple_dag' retrieved from /opt/airflow/dags/simple-dag.py
[2024-07-19T13:41:47.148+0000] {logging_mixin.py:188} INFO - [2024-07-19T13:41:47.148+0000] {dag.py:3089} INFO - Sync 1 DAGs
[2024-07-19T13:41:47.172+0000] {logging_mixin.py:188} INFO - [2024-07-19T13:41:47.171+0000] {dag.py:3947} INFO - Setting next_dagrun for simple_dag to 2023-01-01 00:00:00+00:00, run_after=2023-01-02 00:00:00+00:00
[2024-07-19T13:41:47.191+0000] {processor.py:183} INFO - Processing /opt/airflow/dags/simple-dag.py took 0.083 seconds
[2024-07-19T13:42:17.855+0000] {processor.py:161} INFO - Started process (PID=22600) to work on /opt/airflow/dags/simple-dag.py
[2024-07-19T13:42:17.856+0000] {processor.py:830} INFO - Processing file /opt/airflow/dags/simple-dag.py for tasks to queue
[2024-07-19T13:42:17.859+0000] {logging_mixin.py:188} INFO - [2024-07-19T13:42:17.859+0000] {dagbag.py:545} INFO - Filling up the DagBag from /opt/airflow/dags/simple-dag.py
[2024-07-19T13:42:17.870+0000] {processor.py:840} INFO - DAG(s) 'simple_dag' retrieved from /opt/airflow/dags/simple-dag.py
[2024-07-19T13:42:17.894+0000] {logging_mixin.py:188} INFO - [2024-07-19T13:42:17.893+0000] {dag.py:3089} INFO - Sync 1 DAGs
[2024-07-19T13:42:17.922+0000] {logging_mixin.py:188} INFO - [2024-07-19T13:42:17.922+0000] {dag.py:3947} INFO - Setting next_dagrun for simple_dag to 2023-01-01 00:00:00+00:00, run_after=2023-01-02 00:00:00+00:00
[2024-07-19T13:42:17.944+0000] {processor.py:183} INFO - Processing /opt/airflow/dags/simple-dag.py took 0.097 seconds
[2024-07-19T13:42:48.361+0000] {processor.py:161} INFO - Started process (PID=22660) to work on /opt/airflow/dags/simple-dag.py
[2024-07-19T13:42:48.363+0000] {processor.py:830} INFO - Processing file /opt/airflow/dags/simple-dag.py for tasks to queue
[2024-07-19T13:42:48.365+0000] {logging_mixin.py:188} INFO - [2024-07-19T13:42:48.365+0000] {dagbag.py:545} INFO - Filling up the DagBag from /opt/airflow/dags/simple-dag.py
[2024-07-19T13:42:48.379+0000] {processor.py:840} INFO - DAG(s) 'simple_dag' retrieved from /opt/airflow/dags/simple-dag.py
[2024-07-19T13:42:48.406+0000] {logging_mixin.py:188} INFO - [2024-07-19T13:42:48.405+0000] {dag.py:3089} INFO - Sync 1 DAGs
[2024-07-19T13:42:48.440+0000] {logging_mixin.py:188} INFO - [2024-07-19T13:42:48.440+0000] {dag.py:3947} INFO - Setting next_dagrun for simple_dag to 2023-01-01 00:00:00+00:00, run_after=2023-01-02 00:00:00+00:00
[2024-07-19T13:42:48.469+0000] {processor.py:183} INFO - Processing /opt/airflow/dags/simple-dag.py took 0.116 seconds
[2024-07-19T13:43:18.621+0000] {processor.py:161} INFO - Started process (PID=22720) to work on /opt/airflow/dags/simple-dag.py
[2024-07-19T13:43:18.622+0000] {processor.py:830} INFO - Processing file /opt/airflow/dags/simple-dag.py for tasks to queue
[2024-07-19T13:43:18.625+0000] {logging_mixin.py:188} INFO - [2024-07-19T13:43:18.624+0000] {dagbag.py:545} INFO - Filling up the DagBag from /opt/airflow/dags/simple-dag.py
[2024-07-19T13:43:18.638+0000] {processor.py:840} INFO - DAG(s) 'simple_dag' retrieved from /opt/airflow/dags/simple-dag.py
[2024-07-19T13:43:18.665+0000] {logging_mixin.py:188} INFO - [2024-07-19T13:43:18.665+0000] {dag.py:3089} INFO - Sync 1 DAGs
[2024-07-19T13:43:18.699+0000] {logging_mixin.py:188} INFO - [2024-07-19T13:43:18.699+0000] {dag.py:3947} INFO - Setting next_dagrun for simple_dag to 2023-01-01 00:00:00+00:00, run_after=2023-01-02 00:00:00+00:00
[2024-07-19T13:43:18.725+0000] {processor.py:183} INFO - Processing /opt/airflow/dags/simple-dag.py took 0.113 seconds
[2024-07-19T13:43:48.862+0000] {processor.py:161} INFO - Started process (PID=22780) to work on /opt/airflow/dags/simple-dag.py
[2024-07-19T13:43:48.863+0000] {processor.py:830} INFO - Processing file /opt/airflow/dags/simple-dag.py for tasks to queue
[2024-07-19T13:43:48.866+0000] {logging_mixin.py:188} INFO - [2024-07-19T13:43:48.866+0000] {dagbag.py:545} INFO - Filling up the DagBag from /opt/airflow/dags/simple-dag.py
[2024-07-19T13:43:48.879+0000] {processor.py:840} INFO - DAG(s) 'simple_dag' retrieved from /opt/airflow/dags/simple-dag.py
[2024-07-19T13:43:48.905+0000] {logging_mixin.py:188} INFO - [2024-07-19T13:43:48.905+0000] {dag.py:3089} INFO - Sync 1 DAGs
[2024-07-19T13:43:48.936+0000] {logging_mixin.py:188} INFO - [2024-07-19T13:43:48.936+0000] {dag.py:3947} INFO - Setting next_dagrun for simple_dag to 2023-01-01 00:00:00+00:00, run_after=2023-01-02 00:00:00+00:00
[2024-07-19T13:43:48.962+0000] {processor.py:183} INFO - Processing /opt/airflow/dags/simple-dag.py took 0.108 seconds
[2024-07-19T13:44:19.076+0000] {processor.py:161} INFO - Started process (PID=22840) to work on /opt/airflow/dags/simple-dag.py
[2024-07-19T13:44:19.077+0000] {processor.py:830} INFO - Processing file /opt/airflow/dags/simple-dag.py for tasks to queue
[2024-07-19T13:44:19.080+0000] {logging_mixin.py:188} INFO - [2024-07-19T13:44:19.079+0000] {dagbag.py:545} INFO - Filling up the DagBag from /opt/airflow/dags/simple-dag.py
[2024-07-19T13:44:19.092+0000] {processor.py:840} INFO - DAG(s) 'simple_dag' retrieved from /opt/airflow/dags/simple-dag.py
[2024-07-19T13:44:19.118+0000] {logging_mixin.py:188} INFO - [2024-07-19T13:44:19.117+0000] {dag.py:3089} INFO - Sync 1 DAGs
[2024-07-19T13:44:19.148+0000] {logging_mixin.py:188} INFO - [2024-07-19T13:44:19.147+0000] {dag.py:3947} INFO - Setting next_dagrun for simple_dag to 2023-01-01 00:00:00+00:00, run_after=2023-01-02 00:00:00+00:00
[2024-07-19T13:44:19.173+0000] {processor.py:183} INFO - Processing /opt/airflow/dags/simple-dag.py took 0.105 seconds
[2024-07-19T13:44:49.255+0000] {processor.py:161} INFO - Started process (PID=22900) to work on /opt/airflow/dags/simple-dag.py
[2024-07-19T13:44:49.256+0000] {processor.py:830} INFO - Processing file /opt/airflow/dags/simple-dag.py for tasks to queue
[2024-07-19T13:44:49.259+0000] {logging_mixin.py:188} INFO - [2024-07-19T13:44:49.259+0000] {dagbag.py:545} INFO - Filling up the DagBag from /opt/airflow/dags/simple-dag.py
[2024-07-19T13:44:49.271+0000] {processor.py:840} INFO - DAG(s) 'simple_dag' retrieved from /opt/airflow/dags/simple-dag.py
[2024-07-19T13:44:49.293+0000] {logging_mixin.py:188} INFO - [2024-07-19T13:44:49.292+0000] {dag.py:3089} INFO - Sync 1 DAGs
[2024-07-19T13:44:49.330+0000] {logging_mixin.py:188} INFO - [2024-07-19T13:44:49.329+0000] {dag.py:3947} INFO - Setting next_dagrun for simple_dag to 2023-01-01 00:00:00+00:00, run_after=2023-01-02 00:00:00+00:00
[2024-07-19T13:44:49.351+0000] {processor.py:183} INFO - Processing /opt/airflow/dags/simple-dag.py took 0.103 seconds
[2024-07-19T13:45:19.635+0000] {processor.py:161} INFO - Started process (PID=22960) to work on /opt/airflow/dags/simple-dag.py
[2024-07-19T13:45:19.636+0000] {processor.py:830} INFO - Processing file /opt/airflow/dags/simple-dag.py for tasks to queue
[2024-07-19T13:45:19.640+0000] {logging_mixin.py:188} INFO - [2024-07-19T13:45:19.639+0000] {dagbag.py:545} INFO - Filling up the DagBag from /opt/airflow/dags/simple-dag.py
[2024-07-19T13:45:19.653+0000] {processor.py:840} INFO - DAG(s) 'simple_dag' retrieved from /opt/airflow/dags/simple-dag.py
[2024-07-19T13:45:19.681+0000] {logging_mixin.py:188} INFO - [2024-07-19T13:45:19.681+0000] {dag.py:3089} INFO - Sync 1 DAGs
[2024-07-19T13:45:19.715+0000] {logging_mixin.py:188} INFO - [2024-07-19T13:45:19.714+0000] {dag.py:3947} INFO - Setting next_dagrun for simple_dag to 2023-01-01 00:00:00+00:00, run_after=2023-01-02 00:00:00+00:00
[2024-07-19T13:45:19.745+0000] {processor.py:183} INFO - Processing /opt/airflow/dags/simple-dag.py took 0.118 seconds
[2024-07-19T13:45:50.538+0000] {processor.py:161} INFO - Started process (PID=23020) to work on /opt/airflow/dags/simple-dag.py
[2024-07-19T13:45:50.540+0000] {processor.py:830} INFO - Processing file /opt/airflow/dags/simple-dag.py for tasks to queue
[2024-07-19T13:45:50.544+0000] {logging_mixin.py:188} INFO - [2024-07-19T13:45:50.543+0000] {dagbag.py:545} INFO - Filling up the DagBag from /opt/airflow/dags/simple-dag.py
[2024-07-19T13:45:50.563+0000] {processor.py:840} INFO - DAG(s) 'simple_dag' retrieved from /opt/airflow/dags/simple-dag.py
[2024-07-19T13:45:50.599+0000] {logging_mixin.py:188} INFO - [2024-07-19T13:45:50.599+0000] {dag.py:3089} INFO - Sync 1 DAGs
[2024-07-19T13:45:50.645+0000] {logging_mixin.py:188} INFO - [2024-07-19T13:45:50.644+0000] {dag.py:3947} INFO - Setting next_dagrun for simple_dag to 2023-01-01 00:00:00+00:00, run_after=2023-01-02 00:00:00+00:00
[2024-07-19T13:45:50.683+0000] {processor.py:183} INFO - Processing /opt/airflow/dags/simple-dag.py took 0.156 seconds
