[2024-07-19T13:38:07.131+0000] {processor.py:161} INFO - Started process (PID=22106) to work on /opt/airflow/dags/spark-integration-dag.py
[2024-07-19T13:38:07.133+0000] {processor.py:830} INFO - Processing file /opt/airflow/dags/spark-integration-dag.py for tasks to queue
[2024-07-19T13:38:07.135+0000] {logging_mixin.py:188} INFO - [2024-07-19T13:38:07.135+0000] {dagbag.py:545} INFO - Filling up the DagBag from /opt/airflow/dags/spark-integration-dag.py
[2024-07-19T13:38:07.152+0000] {processor.py:840} INFO - DAG(s) 'spark_integration_dag' retrieved from /opt/airflow/dags/spark-integration-dag.py
[2024-07-19T13:38:07.301+0000] {logging_mixin.py:188} INFO - [2024-07-19T13:38:07.300+0000] {override.py:1858} INFO - Created Permission View: can edit on DAG:spark_integration_dag
[2024-07-19T13:38:07.315+0000] {logging_mixin.py:188} INFO - [2024-07-19T13:38:07.315+0000] {override.py:1858} INFO - Created Permission View: can delete on DAG:spark_integration_dag
[2024-07-19T13:38:07.325+0000] {logging_mixin.py:188} INFO - [2024-07-19T13:38:07.325+0000] {override.py:1858} INFO - Created Permission View: can read on DAG:spark_integration_dag
[2024-07-19T13:38:07.326+0000] {logging_mixin.py:188} INFO - [2024-07-19T13:38:07.326+0000] {dag.py:3089} INFO - Sync 1 DAGs
[2024-07-19T13:38:07.342+0000] {logging_mixin.py:188} INFO - [2024-07-19T13:38:07.342+0000] {dag.py:3111} INFO - Creating ORM DAG for spark_integration_dag
[2024-07-19T13:38:07.358+0000] {logging_mixin.py:188} INFO - [2024-07-19T13:38:07.357+0000] {dag.py:3947} INFO - Setting next_dagrun for spark_integration_dag to 2023-01-01 00:00:00+00:00, run_after=2023-01-02 00:00:00+00:00
[2024-07-19T13:38:07.381+0000] {processor.py:183} INFO - Processing /opt/airflow/dags/spark-integration-dag.py took 0.258 seconds
[2024-07-19T13:38:38.226+0000] {processor.py:161} INFO - Started process (PID=22166) to work on /opt/airflow/dags/spark-integration-dag.py
[2024-07-19T13:38:38.227+0000] {processor.py:830} INFO - Processing file /opt/airflow/dags/spark-integration-dag.py for tasks to queue
[2024-07-19T13:38:38.230+0000] {logging_mixin.py:188} INFO - [2024-07-19T13:38:38.230+0000] {dagbag.py:545} INFO - Filling up the DagBag from /opt/airflow/dags/spark-integration-dag.py
[2024-07-19T13:38:38.243+0000] {processor.py:840} INFO - DAG(s) 'spark_integration_dag' retrieved from /opt/airflow/dags/spark-integration-dag.py
[2024-07-19T13:38:38.265+0000] {logging_mixin.py:188} INFO - [2024-07-19T13:38:38.264+0000] {dag.py:3089} INFO - Sync 1 DAGs
[2024-07-19T13:38:38.289+0000] {logging_mixin.py:188} INFO - [2024-07-19T13:38:38.288+0000] {dag.py:3947} INFO - Setting next_dagrun for spark_integration_dag to 2023-01-01 00:00:00+00:00, run_after=2023-01-02 00:00:00+00:00
[2024-07-19T13:38:38.309+0000] {processor.py:183} INFO - Processing /opt/airflow/dags/spark-integration-dag.py took 0.091 seconds
[2024-07-19T13:39:08.648+0000] {processor.py:161} INFO - Started process (PID=22226) to work on /opt/airflow/dags/spark-integration-dag.py
[2024-07-19T13:39:08.649+0000] {processor.py:830} INFO - Processing file /opt/airflow/dags/spark-integration-dag.py for tasks to queue
[2024-07-19T13:39:08.651+0000] {logging_mixin.py:188} INFO - [2024-07-19T13:39:08.651+0000] {dagbag.py:545} INFO - Filling up the DagBag from /opt/airflow/dags/spark-integration-dag.py
[2024-07-19T13:39:08.662+0000] {processor.py:840} INFO - DAG(s) 'spark_integration_dag' retrieved from /opt/airflow/dags/spark-integration-dag.py
[2024-07-19T13:39:08.683+0000] {logging_mixin.py:188} INFO - [2024-07-19T13:39:08.683+0000] {dag.py:3089} INFO - Sync 1 DAGs
[2024-07-19T13:39:08.707+0000] {logging_mixin.py:188} INFO - [2024-07-19T13:39:08.707+0000] {dag.py:3947} INFO - Setting next_dagrun for spark_integration_dag to 2023-01-01 00:00:00+00:00, run_after=2023-01-02 00:00:00+00:00
[2024-07-19T13:39:08.727+0000] {processor.py:183} INFO - Processing /opt/airflow/dags/spark-integration-dag.py took 0.085 seconds
[2024-07-19T13:39:39.109+0000] {processor.py:161} INFO - Started process (PID=22286) to work on /opt/airflow/dags/spark-integration-dag.py
[2024-07-19T13:39:39.110+0000] {processor.py:830} INFO - Processing file /opt/airflow/dags/spark-integration-dag.py for tasks to queue
[2024-07-19T13:39:39.113+0000] {logging_mixin.py:188} INFO - [2024-07-19T13:39:39.113+0000] {dagbag.py:545} INFO - Filling up the DagBag from /opt/airflow/dags/spark-integration-dag.py
[2024-07-19T13:39:39.128+0000] {processor.py:840} INFO - DAG(s) 'spark_integration_dag' retrieved from /opt/airflow/dags/spark-integration-dag.py
[2024-07-19T13:39:39.153+0000] {logging_mixin.py:188} INFO - [2024-07-19T13:39:39.152+0000] {dag.py:3089} INFO - Sync 1 DAGs
[2024-07-19T13:39:39.183+0000] {logging_mixin.py:188} INFO - [2024-07-19T13:39:39.183+0000] {dag.py:3947} INFO - Setting next_dagrun for spark_integration_dag to 2023-01-01 00:00:00+00:00, run_after=2023-01-02 00:00:00+00:00
[2024-07-19T13:39:39.206+0000] {processor.py:183} INFO - Processing /opt/airflow/dags/spark-integration-dag.py took 0.105 seconds
[2024-07-19T13:40:09.681+0000] {processor.py:161} INFO - Started process (PID=22346) to work on /opt/airflow/dags/spark-integration-dag.py
[2024-07-19T13:40:09.682+0000] {processor.py:830} INFO - Processing file /opt/airflow/dags/spark-integration-dag.py for tasks to queue
[2024-07-19T13:40:09.685+0000] {logging_mixin.py:188} INFO - [2024-07-19T13:40:09.685+0000] {dagbag.py:545} INFO - Filling up the DagBag from /opt/airflow/dags/spark-integration-dag.py
[2024-07-19T13:40:09.698+0000] {processor.py:840} INFO - DAG(s) 'spark_integration_dag' retrieved from /opt/airflow/dags/spark-integration-dag.py
[2024-07-19T13:40:09.719+0000] {logging_mixin.py:188} INFO - [2024-07-19T13:40:09.719+0000] {dag.py:3089} INFO - Sync 1 DAGs
[2024-07-19T13:40:09.745+0000] {logging_mixin.py:188} INFO - [2024-07-19T13:40:09.744+0000] {dag.py:3947} INFO - Setting next_dagrun for spark_integration_dag to 2023-01-01 00:00:00+00:00, run_after=2023-01-02 00:00:00+00:00
[2024-07-19T13:40:09.766+0000] {processor.py:183} INFO - Processing /opt/airflow/dags/spark-integration-dag.py took 0.092 seconds
[2024-07-19T13:40:40.312+0000] {processor.py:161} INFO - Started process (PID=22406) to work on /opt/airflow/dags/spark-integration-dag.py
[2024-07-19T13:40:40.313+0000] {processor.py:830} INFO - Processing file /opt/airflow/dags/spark-integration-dag.py for tasks to queue
[2024-07-19T13:40:40.317+0000] {logging_mixin.py:188} INFO - [2024-07-19T13:40:40.316+0000] {dagbag.py:545} INFO - Filling up the DagBag from /opt/airflow/dags/spark-integration-dag.py
[2024-07-19T13:40:40.329+0000] {processor.py:840} INFO - DAG(s) 'spark_integration_dag' retrieved from /opt/airflow/dags/spark-integration-dag.py
[2024-07-19T13:40:40.359+0000] {logging_mixin.py:188} INFO - [2024-07-19T13:40:40.359+0000] {dag.py:3089} INFO - Sync 1 DAGs
[2024-07-19T13:40:40.393+0000] {logging_mixin.py:188} INFO - [2024-07-19T13:40:40.393+0000] {dag.py:3947} INFO - Setting next_dagrun for spark_integration_dag to 2023-01-01 00:00:00+00:00, run_after=2023-01-02 00:00:00+00:00
[2024-07-19T13:40:40.424+0000] {processor.py:183} INFO - Processing /opt/airflow/dags/spark-integration-dag.py took 0.119 seconds
[2024-07-19T13:41:10.998+0000] {processor.py:161} INFO - Started process (PID=22466) to work on /opt/airflow/dags/spark-integration-dag.py
[2024-07-19T13:41:10.999+0000] {processor.py:830} INFO - Processing file /opt/airflow/dags/spark-integration-dag.py for tasks to queue
[2024-07-19T13:41:11.002+0000] {logging_mixin.py:188} INFO - [2024-07-19T13:41:11.002+0000] {dagbag.py:545} INFO - Filling up the DagBag from /opt/airflow/dags/spark-integration-dag.py
[2024-07-19T13:41:11.015+0000] {processor.py:840} INFO - DAG(s) 'spark_integration_dag' retrieved from /opt/airflow/dags/spark-integration-dag.py
[2024-07-19T13:41:11.041+0000] {logging_mixin.py:188} INFO - [2024-07-19T13:41:11.041+0000] {dag.py:3089} INFO - Sync 1 DAGs
[2024-07-19T13:41:11.070+0000] {logging_mixin.py:188} INFO - [2024-07-19T13:41:11.070+0000] {dag.py:3947} INFO - Setting next_dagrun for spark_integration_dag to 2023-01-01 00:00:00+00:00, run_after=2023-01-02 00:00:00+00:00
[2024-07-19T13:41:11.100+0000] {processor.py:183} INFO - Processing /opt/airflow/dags/spark-integration-dag.py took 0.108 seconds
[2024-07-19T13:41:41.519+0000] {processor.py:161} INFO - Started process (PID=22526) to work on /opt/airflow/dags/spark-integration-dag.py
[2024-07-19T13:41:41.520+0000] {processor.py:830} INFO - Processing file /opt/airflow/dags/spark-integration-dag.py for tasks to queue
[2024-07-19T13:41:41.523+0000] {logging_mixin.py:188} INFO - [2024-07-19T13:41:41.523+0000] {dagbag.py:545} INFO - Filling up the DagBag from /opt/airflow/dags/spark-integration-dag.py
[2024-07-19T13:41:41.534+0000] {processor.py:840} INFO - DAG(s) 'spark_integration_dag' retrieved from /opt/airflow/dags/spark-integration-dag.py
[2024-07-19T13:41:41.554+0000] {logging_mixin.py:188} INFO - [2024-07-19T13:41:41.554+0000] {dag.py:3089} INFO - Sync 1 DAGs
[2024-07-19T13:41:41.578+0000] {logging_mixin.py:188} INFO - [2024-07-19T13:41:41.578+0000] {dag.py:3947} INFO - Setting next_dagrun for spark_integration_dag to 2023-01-01 00:00:00+00:00, run_after=2023-01-02 00:00:00+00:00
[2024-07-19T13:41:41.597+0000] {processor.py:183} INFO - Processing /opt/airflow/dags/spark-integration-dag.py took 0.086 seconds
[2024-07-19T13:42:12.121+0000] {processor.py:161} INFO - Started process (PID=22587) to work on /opt/airflow/dags/spark-integration-dag.py
[2024-07-19T13:42:12.122+0000] {processor.py:830} INFO - Processing file /opt/airflow/dags/spark-integration-dag.py for tasks to queue
[2024-07-19T13:42:12.125+0000] {logging_mixin.py:188} INFO - [2024-07-19T13:42:12.125+0000] {dagbag.py:545} INFO - Filling up the DagBag from /opt/airflow/dags/spark-integration-dag.py
[2024-07-19T13:42:12.138+0000] {processor.py:840} INFO - DAG(s) 'spark_integration_dag' retrieved from /opt/airflow/dags/spark-integration-dag.py
[2024-07-19T13:42:12.161+0000] {logging_mixin.py:188} INFO - [2024-07-19T13:42:12.160+0000] {dag.py:3089} INFO - Sync 1 DAGs
[2024-07-19T13:42:12.187+0000] {logging_mixin.py:188} INFO - [2024-07-19T13:42:12.186+0000] {dag.py:3947} INFO - Setting next_dagrun for spark_integration_dag to 2023-01-01 00:00:00+00:00, run_after=2023-01-02 00:00:00+00:00
[2024-07-19T13:42:12.208+0000] {processor.py:183} INFO - Processing /opt/airflow/dags/spark-integration-dag.py took 0.095 seconds
[2024-07-19T13:42:42.552+0000] {processor.py:161} INFO - Started process (PID=22647) to work on /opt/airflow/dags/spark-integration-dag.py
[2024-07-19T13:42:42.553+0000] {processor.py:830} INFO - Processing file /opt/airflow/dags/spark-integration-dag.py for tasks to queue
[2024-07-19T13:42:42.557+0000] {logging_mixin.py:188} INFO - [2024-07-19T13:42:42.556+0000] {dagbag.py:545} INFO - Filling up the DagBag from /opt/airflow/dags/spark-integration-dag.py
[2024-07-19T13:42:42.571+0000] {processor.py:840} INFO - DAG(s) 'spark_integration_dag' retrieved from /opt/airflow/dags/spark-integration-dag.py
[2024-07-19T13:42:42.599+0000] {logging_mixin.py:188} INFO - [2024-07-19T13:42:42.598+0000] {dag.py:3089} INFO - Sync 1 DAGs
[2024-07-19T13:42:42.631+0000] {logging_mixin.py:188} INFO - [2024-07-19T13:42:42.631+0000] {dag.py:3947} INFO - Setting next_dagrun for spark_integration_dag to 2023-01-01 00:00:00+00:00, run_after=2023-01-02 00:00:00+00:00
[2024-07-19T13:42:42.658+0000] {processor.py:183} INFO - Processing /opt/airflow/dags/spark-integration-dag.py took 0.114 seconds
[2024-07-19T13:43:12.813+0000] {processor.py:161} INFO - Started process (PID=22707) to work on /opt/airflow/dags/spark-integration-dag.py
[2024-07-19T13:43:12.814+0000] {processor.py:830} INFO - Processing file /opt/airflow/dags/spark-integration-dag.py for tasks to queue
[2024-07-19T13:43:12.818+0000] {logging_mixin.py:188} INFO - [2024-07-19T13:43:12.818+0000] {dagbag.py:545} INFO - Filling up the DagBag from /opt/airflow/dags/spark-integration-dag.py
[2024-07-19T13:43:12.832+0000] {processor.py:840} INFO - DAG(s) 'spark_integration_dag' retrieved from /opt/airflow/dags/spark-integration-dag.py
[2024-07-19T13:43:12.858+0000] {logging_mixin.py:188} INFO - [2024-07-19T13:43:12.858+0000] {dag.py:3089} INFO - Sync 1 DAGs
[2024-07-19T13:43:12.891+0000] {logging_mixin.py:188} INFO - [2024-07-19T13:43:12.890+0000] {dag.py:3947} INFO - Setting next_dagrun for spark_integration_dag to 2023-01-01 00:00:00+00:00, run_after=2023-01-02 00:00:00+00:00
[2024-07-19T13:43:12.917+0000] {processor.py:183} INFO - Processing /opt/airflow/dags/spark-integration-dag.py took 0.112 seconds
[2024-07-19T13:43:43.040+0000] {processor.py:161} INFO - Started process (PID=22767) to work on /opt/airflow/dags/spark-integration-dag.py
[2024-07-19T13:43:43.041+0000] {processor.py:830} INFO - Processing file /opt/airflow/dags/spark-integration-dag.py for tasks to queue
[2024-07-19T13:43:43.044+0000] {logging_mixin.py:188} INFO - [2024-07-19T13:43:43.044+0000] {dagbag.py:545} INFO - Filling up the DagBag from /opt/airflow/dags/spark-integration-dag.py
[2024-07-19T13:43:43.058+0000] {processor.py:840} INFO - DAG(s) 'spark_integration_dag' retrieved from /opt/airflow/dags/spark-integration-dag.py
[2024-07-19T13:43:43.085+0000] {logging_mixin.py:188} INFO - [2024-07-19T13:43:43.084+0000] {dag.py:3089} INFO - Sync 1 DAGs
[2024-07-19T13:43:43.117+0000] {logging_mixin.py:188} INFO - [2024-07-19T13:43:43.117+0000] {dag.py:3947} INFO - Setting next_dagrun for spark_integration_dag to 2023-01-01 00:00:00+00:00, run_after=2023-01-02 00:00:00+00:00
[2024-07-19T13:43:43.144+0000] {processor.py:183} INFO - Processing /opt/airflow/dags/spark-integration-dag.py took 0.112 seconds
[2024-07-19T13:44:13.249+0000] {processor.py:161} INFO - Started process (PID=22827) to work on /opt/airflow/dags/spark-integration-dag.py
[2024-07-19T13:44:13.250+0000] {processor.py:830} INFO - Processing file /opt/airflow/dags/spark-integration-dag.py for tasks to queue
[2024-07-19T13:44:13.253+0000] {logging_mixin.py:188} INFO - [2024-07-19T13:44:13.252+0000] {dagbag.py:545} INFO - Filling up the DagBag from /opt/airflow/dags/spark-integration-dag.py
[2024-07-19T13:44:13.264+0000] {processor.py:840} INFO - DAG(s) 'spark_integration_dag' retrieved from /opt/airflow/dags/spark-integration-dag.py
[2024-07-19T13:44:13.286+0000] {logging_mixin.py:188} INFO - [2024-07-19T13:44:13.286+0000] {dag.py:3089} INFO - Sync 1 DAGs
[2024-07-19T13:44:13.313+0000] {logging_mixin.py:188} INFO - [2024-07-19T13:44:13.312+0000] {dag.py:3947} INFO - Setting next_dagrun for spark_integration_dag to 2023-01-01 00:00:00+00:00, run_after=2023-01-02 00:00:00+00:00
[2024-07-19T13:44:13.335+0000] {processor.py:183} INFO - Processing /opt/airflow/dags/spark-integration-dag.py took 0.094 seconds
[2024-07-19T13:44:43.463+0000] {processor.py:161} INFO - Started process (PID=22887) to work on /opt/airflow/dags/spark-integration-dag.py
[2024-07-19T13:44:43.464+0000] {processor.py:830} INFO - Processing file /opt/airflow/dags/spark-integration-dag.py for tasks to queue
[2024-07-19T13:44:43.467+0000] {logging_mixin.py:188} INFO - [2024-07-19T13:44:43.466+0000] {dagbag.py:545} INFO - Filling up the DagBag from /opt/airflow/dags/spark-integration-dag.py
[2024-07-19T13:44:43.479+0000] {processor.py:840} INFO - DAG(s) 'spark_integration_dag' retrieved from /opt/airflow/dags/spark-integration-dag.py
[2024-07-19T13:44:43.501+0000] {logging_mixin.py:188} INFO - [2024-07-19T13:44:43.501+0000] {dag.py:3089} INFO - Sync 1 DAGs
[2024-07-19T13:44:43.527+0000] {logging_mixin.py:188} INFO - [2024-07-19T13:44:43.527+0000] {dag.py:3947} INFO - Setting next_dagrun for spark_integration_dag to 2023-01-01 00:00:00+00:00, run_after=2023-01-02 00:00:00+00:00
[2024-07-19T13:44:43.549+0000] {processor.py:183} INFO - Processing /opt/airflow/dags/spark-integration-dag.py took 0.094 seconds
[2024-07-19T13:45:13.779+0000] {processor.py:161} INFO - Started process (PID=22947) to work on /opt/airflow/dags/spark-integration-dag.py
[2024-07-19T13:45:13.795+0000] {processor.py:830} INFO - Processing file /opt/airflow/dags/spark-integration-dag.py for tasks to queue
[2024-07-19T13:45:13.801+0000] {logging_mixin.py:188} INFO - [2024-07-19T13:45:13.800+0000] {dagbag.py:545} INFO - Filling up the DagBag from /opt/airflow/dags/spark-integration-dag.py
[2024-07-19T13:45:13.822+0000] {processor.py:840} INFO - DAG(s) 'spark_integration_dag' retrieved from /opt/airflow/dags/spark-integration-dag.py
[2024-07-19T13:45:13.861+0000] {logging_mixin.py:188} INFO - [2024-07-19T13:45:13.860+0000] {dag.py:3089} INFO - Sync 1 DAGs
[2024-07-19T13:45:13.899+0000] {logging_mixin.py:188} INFO - [2024-07-19T13:45:13.898+0000] {dag.py:3947} INFO - Setting next_dagrun for spark_integration_dag to 2023-01-01 00:00:00+00:00, run_after=2023-01-02 00:00:00+00:00
[2024-07-19T13:45:13.932+0000] {processor.py:183} INFO - Processing /opt/airflow/dags/spark-integration-dag.py took 0.164 seconds
[2024-07-19T13:45:44.330+0000] {processor.py:161} INFO - Started process (PID=23007) to work on /opt/airflow/dags/spark-integration-dag.py
[2024-07-19T13:45:44.332+0000] {processor.py:830} INFO - Processing file /opt/airflow/dags/spark-integration-dag.py for tasks to queue
[2024-07-19T13:45:44.337+0000] {logging_mixin.py:188} INFO - [2024-07-19T13:45:44.336+0000] {dagbag.py:545} INFO - Filling up the DagBag from /opt/airflow/dags/spark-integration-dag.py
[2024-07-19T13:45:44.356+0000] {processor.py:840} INFO - DAG(s) 'spark_integration_dag' retrieved from /opt/airflow/dags/spark-integration-dag.py
[2024-07-19T13:45:44.394+0000] {logging_mixin.py:188} INFO - [2024-07-19T13:45:44.393+0000] {dag.py:3089} INFO - Sync 1 DAGs
[2024-07-19T13:45:44.451+0000] {logging_mixin.py:188} INFO - [2024-07-19T13:45:44.451+0000] {dag.py:3947} INFO - Setting next_dagrun for spark_integration_dag to 2023-01-01 00:00:00+00:00, run_after=2023-01-02 00:00:00+00:00
[2024-07-19T13:45:44.489+0000] {processor.py:183} INFO - Processing /opt/airflow/dags/spark-integration-dag.py took 0.169 seconds
[2024-07-19T13:46:14.562+0000] {processor.py:161} INFO - Started process (PID=23067) to work on /opt/airflow/dags/spark-integration-dag.py
[2024-07-19T13:46:14.565+0000] {processor.py:830} INFO - Processing file /opt/airflow/dags/spark-integration-dag.py for tasks to queue
[2024-07-19T13:46:14.570+0000] {logging_mixin.py:188} INFO - [2024-07-19T13:46:14.569+0000] {dagbag.py:545} INFO - Filling up the DagBag from /opt/airflow/dags/spark-integration-dag.py
[2024-07-19T13:46:14.599+0000] {processor.py:840} INFO - DAG(s) 'spark_integration_dag' retrieved from /opt/airflow/dags/spark-integration-dag.py
[2024-07-19T13:46:14.651+0000] {logging_mixin.py:188} INFO - [2024-07-19T13:46:14.651+0000] {dag.py:3089} INFO - Sync 1 DAGs
[2024-07-19T13:46:14.712+0000] {logging_mixin.py:188} INFO - [2024-07-19T13:46:14.712+0000] {dag.py:3947} INFO - Setting next_dagrun for spark_integration_dag to 2023-01-01 00:00:00+00:00, run_after=2023-01-02 00:00:00+00:00
[2024-07-19T13:46:14.757+0000] {processor.py:183} INFO - Processing /opt/airflow/dags/spark-integration-dag.py took 0.209 seconds
